{"C:\\Users\\Júlia Lima\\Documents\\Programacao\\repositorios\\dashboard\\__mocks__\\localStorage.ts": {"path":"C:\\Users\\Júlia Lima\\Documents\\Programacao\\repositorios\\dashboard\\__mocks__\\localStorage.ts","statementMap":{"0":{"start":{"line":3,"column":38},"end":{"line":3,"column":null}},"1":{"start":{"line":5,"column":25},"end":{"line":20,"column":null}},"2":{"start":{"line":7,"column":4},"end":{"line":7,"column":null}},"3":{"start":{"line":10,"column":4},"end":{"line":10,"column":null}},"4":{"start":{"line":13,"column":4},"end":{"line":13,"column":null}},"5":{"start":{"line":16,"column":4},"end":{"line":16,"column":null}},"6":{"start":{"line":16,"column":38},"end":{"line":16,"column":55}}},"fnMap":{"0":{"name":"(anonymous_0)","decl":{"start":{"line":6,"column":11},"end":{"line":6,"column":12}},"loc":{"start":{"line":6,"column":43},"end":{"line":8,"column":null}},"line":6},"1":{"name":"(anonymous_1)","decl":{"start":{"line":9,"column":11},"end":{"line":9,"column":12}},"loc":{"start":{"line":9,"column":43},"end":{"line":11,"column":null}},"line":9},"2":{"name":"(anonymous_2)","decl":{"start":{"line":12,"column":14},"end":{"line":12,"column":15}},"loc":{"start":{"line":12,"column":31},"end":{"line":14,"column":null}},"line":12},"3":{"name":"(anonymous_3)","decl":{"start":{"line":15,"column":9},"end":{"line":15,"column":15}},"loc":{"start":{"line":15,"column":15},"end":{"line":17,"column":null}},"line":15},"4":{"name":"(anonymous_4)","decl":{"start":{"line":16,"column":31},"end":{"line":16,"column":38}},"loc":{"start":{"line":16,"column":38},"end":{"line":16,"column":55}},"line":16}},"branchMap":{"0":{"loc":{"start":{"line":7,"column":11},"end":{"line":7,"column":null}},"type":"binary-expr","locations":[{"start":{"line":7,"column":11},"end":{"line":7,"column":25}},{"start":{"line":7,"column":25},"end":{"line":7,"column":null}}],"line":7}},"s":{"0":1,"1":1,"2":6,"3":7,"4":0,"5":4,"6":3},"f":{"0":6,"1":7,"2":0,"3":4,"4":3},"b":{"0":[6,2]},"meta":{"lastBranch":1,"lastFunction":5,"lastStatement":7,"seen":{"s:3:38:3:Infinity":0,"s:5:25:20:Infinity":1,"f:6:11:6:12":0,"s:7:4:7:Infinity":2,"b:7:11:7:25:7:25:7:Infinity":0,"f:9:11:9:12":1,"s:10:4:10:Infinity":3,"f:12:14:12:15":2,"s:13:4:13:Infinity":4,"f:15:9:15:15":3,"s:16:4:16:Infinity":5,"f:16:31:16:38":4,"s:16:38:16:55":6}}}
,"C:\\Users\\Júlia Lima\\Documents\\Programacao\\repositorios\\dashboard\\src\\hooks\\useLocalStorage.ts": {"path":"C:\\Users\\Júlia Lima\\Documents\\Programacao\\repositorios\\dashboard\\src\\hooks\\useLocalStorage.ts","statementMap":{"0":{"start":{"line":4,"column":24},"end":{"line":11,"column":null}},"1":{"start":{"line":5,"column":4},"end":{"line":10,"column":null}},"2":{"start":{"line":6,"column":18},"end":{"line":6,"column":null}},"3":{"start":{"line":7,"column":6},"end":{"line":7,"column":null}},"4":{"start":{"line":9,"column":6},"end":{"line":9,"column":null}},"5":{"start":{"line":13,"column":2},"end":{"line":15,"column":null}},"6":{"start":{"line":14,"column":4},"end":{"line":14,"column":null}},"7":{"start":{"line":16,"column":2},"end":{"line":16,"column":null}}},"fnMap":{"0":{"name":"useLocalStorage","decl":{"start":{"line":3,"column":16},"end":{"line":3,"column":35}},"loc":{"start":{"line":3,"column":60},"end":{"line":17,"column":null}},"line":3},"1":{"name":"(anonymous_1)","decl":{"start":{"line":4,"column":40},"end":{"line":4,"column":46}},"loc":{"start":{"line":4,"column":46},"end":{"line":11,"column":3}},"line":4},"2":{"name":"(anonymous_2)","decl":{"start":{"line":13,"column":12},"end":{"line":13,"column":18}},"loc":{"start":{"line":13,"column":18},"end":{"line":15,"column":5}},"line":13}},"branchMap":{"0":{"loc":{"start":{"line":7,"column":13},"end":{"line":7,"column":null}},"type":"cond-expr","locations":[{"start":{"line":7,"column":20},"end":{"line":7,"column":44}},{"start":{"line":7,"column":44},"end":{"line":7,"column":null}}],"line":7}},"s":{"0":5,"1":4,"2":4,"3":4,"4":1,"5":5,"6":5,"7":5},"f":{"0":5,"1":4,"2":5},"b":{"0":[2,2]},"meta":{"lastBranch":1,"lastFunction":3,"lastStatement":8,"seen":{"f:3:16:3:35":0,"s:4:24:11:Infinity":0,"f:4:40:4:46":1,"s:5:4:10:Infinity":1,"s:6:18:6:Infinity":2,"s:7:6:7:Infinity":3,"b:7:20:7:44:7:44:7:Infinity":0,"s:9:6:9:Infinity":4,"s:13:2:15:Infinity":5,"f:13:12:13:18":2,"s:14:4:14:Infinity":6,"s:16:2:16:Infinity":7}}}
,"C:\\Users\\Júlia Lima\\Documents\\Programacao\\repositorios\\dashboard\\src\\utils\\currency.ts": {"path":"C:\\Users\\Júlia Lima\\Documents\\Programacao\\repositorios\\dashboard\\src\\utils\\currency.ts","statementMap":{"0":{"start":{"line":1,"column":30},"end":{"line":2,"column":null}},"1":{"start":{"line":2,"column":3},"end":{"line":2,"column":null}}},"fnMap":{"0":{"name":"(anonymous_0)","decl":{"start":{"line":1,"column":30},"end":{"line":1,"column":31}},"loc":{"start":{"line":2,"column":3},"end":{"line":2,"column":null}},"line":2}},"branchMap":{"0":{"loc":{"start":{"line":1,"column":46},"end":{"line":1,"column":64}},"type":"default-arg","locations":[{"start":{"line":1,"column":57},"end":{"line":1,"column":64}}],"line":1},"1":{"loc":{"start":{"line":1,"column":64},"end":{"line":1,"column":null}},"type":"default-arg","locations":[{"start":{"line":1,"column":73},"end":{"line":1,"column":null}}],"line":1}},"s":{"0":1,"1":6},"f":{"0":6},"b":{"0":[6],"1":[6]},"meta":{"lastBranch":2,"lastFunction":1,"lastStatement":2,"seen":{"s:1:30:2:Infinity":0,"f:1:30:1:31":0,"s:2:3:2:Infinity":1,"b:1:57:1:64":0,"b:1:73:1:Infinity":1}}}
,"C:\\Users\\Júlia Lima\\Documents\\Programacao\\repositorios\\dashboard\\src\\utils\\dates.ts": {"path":"C:\\Users\\Júlia Lima\\Documents\\Programacao\\repositorios\\dashboard\\src\\utils\\dates.ts","statementMap":{"0":{"start":{"line":3,"column":26},"end":{"line":4,"column":null}},"1":{"start":{"line":3,"column":54},"end":{"line":4,"column":null}},"2":{"start":{"line":6,"column":29},"end":{"line":12,"column":null}},"3":{"start":{"line":7,"column":3},"end":{"line":7,"column":null}},"4":{"start":{"line":7,"column":21},"end":{"line":7,"column":null}},"5":{"start":{"line":8,"column":13},"end":{"line":8,"column":null}},"6":{"start":{"line":9,"column":17},"end":{"line":9,"column":null}},"7":{"start":{"line":10,"column":15},"end":{"line":10,"column":null}},"8":{"start":{"line":11,"column":3},"end":{"line":11,"column":null}}},"fnMap":{"0":{"name":"(anonymous_0)","decl":{"start":{"line":3,"column":26},"end":{"line":3,"column":27}},"loc":{"start":{"line":3,"column":54},"end":{"line":4,"column":null}},"line":3},"1":{"name":"(anonymous_1)","decl":{"start":{"line":6,"column":29},"end":{"line":6,"column":30}},"loc":{"start":{"line":6,"column":78},"end":{"line":12,"column":null}},"line":6}},"branchMap":{"0":{"loc":{"start":{"line":3,"column":44},"end":{"line":3,"column":null}},"type":"default-arg","locations":[{"start":{"line":3,"column":54},"end":{"line":3,"column":null}}],"line":3},"1":{"loc":{"start":{"line":7,"column":3},"end":{"line":7,"column":null}},"type":"if","locations":[{"start":{"line":7,"column":3},"end":{"line":7,"column":null}},{"start":{},"end":{}}],"line":7},"2":{"loc":{"start":{"line":7,"column":7},"end":{"line":7,"column":21}},"type":"binary-expr","locations":[{"start":{"line":7,"column":7},"end":{"line":7,"column":16}},{"start":{"line":7,"column":16},"end":{"line":7,"column":21}}],"line":7},"3":{"loc":{"start":{"line":9,"column":17},"end":{"line":9,"column":null}},"type":"cond-expr","locations":[{"start":{"line":9,"column":24},"end":{"line":9,"column":41}},{"start":{"line":9,"column":41},"end":{"line":9,"column":null}}],"line":9},"4":{"loc":{"start":{"line":10,"column":15},"end":{"line":10,"column":null}},"type":"cond-expr","locations":[{"start":{"line":10,"column":20},"end":{"line":10,"column":49}},{"start":{"line":10,"column":49},"end":{"line":10,"column":null}}],"line":10}},"s":{"0":1,"1":3,"2":1,"3":9,"4":2,"5":7,"6":7,"7":9,"8":9},"f":{"0":3,"1":9},"b":{"0":[3],"1":[2,7],"2":[9,2],"3":[7,0],"4":[4,3]},"meta":{"lastBranch":5,"lastFunction":2,"lastStatement":9,"seen":{"s:3:26:4:Infinity":0,"f:3:26:3:27":0,"s:3:54:4:Infinity":1,"b:3:54:3:Infinity":0,"s:6:29:12:Infinity":2,"f:6:29:6:30":1,"b:7:3:7:Infinity:undefined:undefined:undefined:undefined":1,"s:7:3:7:Infinity":3,"b:7:7:7:16:7:16:7:21":2,"s:7:21:7:Infinity":4,"s:8:13:8:Infinity":5,"s:9:17:9:Infinity":6,"b:9:24:9:41:9:41:9:Infinity":3,"s:10:15:10:Infinity":7,"b:10:20:10:49:10:49:10:Infinity":4,"s:11:3:11:Infinity":8}}}
,"C:\\Users\\Júlia Lima\\Documents\\Programacao\\repositorios\\dashboard\\src\\utils\\parse.ts": {"path":"C:\\Users\\Júlia Lima\\Documents\\Programacao\\repositorios\\dashboard\\src\\utils\\parse.ts","statementMap":{"0":{"start":{"line":1,"column":27},"end":{"line":5,"column":null}},"1":{"start":{"line":2,"column":3},"end":{"line":2,"column":null}},"2":{"start":{"line":2,"column":13},"end":{"line":2,"column":null}},"3":{"start":{"line":3,"column":15},"end":{"line":3,"column":null}},"4":{"start":{"line":4,"column":3},"end":{"line":4,"column":null}}},"fnMap":{"0":{"name":"(anonymous_0)","decl":{"start":{"line":1,"column":27},"end":{"line":1,"column":28}},"loc":{"start":{"line":1,"column":52},"end":{"line":5,"column":null}},"line":1}},"branchMap":{"0":{"loc":{"start":{"line":2,"column":3},"end":{"line":2,"column":null}},"type":"if","locations":[{"start":{"line":2,"column":3},"end":{"line":2,"column":null}},{"start":{},"end":{}}],"line":2},"1":{"loc":{"start":{"line":4,"column":10},"end":{"line":4,"column":null}},"type":"cond-expr","locations":[{"start":{"line":4,"column":23},"end":{"line":4,"column":27}},{"start":{"line":4,"column":27},"end":{"line":4,"column":null}}],"line":4}},"s":{"0":1,"1":9,"2":3,"3":6,"4":6},"f":{"0":9},"b":{"0":[3,6],"1":[2,4]},"meta":{"lastBranch":2,"lastFunction":1,"lastStatement":5,"seen":{"s:1:27:5:Infinity":0,"f:1:27:1:28":0,"b:2:3:2:Infinity:undefined:undefined:undefined:undefined":0,"s:2:3:2:Infinity":1,"s:2:13:2:Infinity":2,"s:3:15:3:Infinity":3,"s:4:3:4:Infinity":4,"b:4:23:4:27:4:27:4:Infinity":1}}}
}
