TN:
SF:__mocks__\localStorage.ts
FN:6,(anonymous_0)
FN:9,(anonymous_1)
FN:12,(anonymous_2)
FN:15,(anonymous_3)
FN:16,(anonymous_4)
FNF:5
FNH:4
FNDA:6,(anonymous_0)
FNDA:7,(anonymous_1)
FNDA:0,(anonymous_2)
FNDA:4,(anonymous_3)
FNDA:3,(anonymous_4)
DA:3,1
DA:5,1
DA:7,6
DA:10,7
DA:13,0
DA:16,4
LF:6
LH:5
BRDA:7,0,0,6
BRDA:7,0,1,2
BRF:2
BRH:2
end_of_record
TN:
SF:src\hooks\useLocalStorage.ts
FN:3,useLocalStorage
FN:4,(anonymous_1)
FN:13,(anonymous_2)
FNF:3
FNH:3
FNDA:5,useLocalStorage
FNDA:4,(anonymous_1)
FNDA:5,(anonymous_2)
DA:4,5
DA:5,4
DA:6,4
DA:7,4
DA:9,1
DA:13,5
DA:14,5
DA:16,5
LF:8
LH:8
BRDA:7,0,0,2
BRDA:7,0,1,2
BRF:2
BRH:2
end_of_record
TN:
SF:src\utils\currency.ts
FN:1,(anonymous_0)
FNF:1
FNH:1
FNDA:6,(anonymous_0)
DA:1,1
DA:2,6
LF:2
LH:2
BRDA:1,0,0,6
BRDA:1,1,0,6
BRF:2
BRH:2
end_of_record
TN:
SF:src\utils\dates.ts
FN:3,(anonymous_0)
FN:6,(anonymous_1)
FNF:2
FNH:2
FNDA:3,(anonymous_0)
FNDA:9,(anonymous_1)
DA:3,3
DA:6,1
DA:7,9
DA:8,7
DA:9,7
DA:10,9
DA:11,9
LF:7
LH:7
BRDA:3,0,0,3
BRDA:7,1,0,2
BRDA:7,1,1,7
BRDA:7,2,0,9
BRDA:7,2,1,2
BRDA:9,3,0,7
BRDA:9,3,1,0
BRDA:10,4,0,4
BRDA:10,4,1,3
BRF:9
BRH:8
end_of_record
TN:
SF:src\utils\parse.ts
FN:1,(anonymous_0)
FNF:1
FNH:1
FNDA:9,(anonymous_0)
DA:1,1
DA:2,9
DA:3,6
DA:4,6
LF:4
LH:4
BRDA:2,0,0,3
BRDA:2,0,1,6
BRDA:4,1,0,2
BRDA:4,1,1,4
BRF:4
BRH:4
end_of_record
